[debug] [2021-10-10T11:26:40.486Z] ----------------------------------------------------------------------
[debug] [2021-10-10T11:26:40.489Z] Command:       C:\Program Files\nodejs\node.exe C:\Users\hussn\AppData\Roaming\npm\node_modules\firebase-tools\lib\bin\firebase.js init
[debug] [2021-10-10T11:26:40.489Z] CLI Version:   9.16.0
[debug] [2021-10-10T11:26:40.489Z] Platform:      win32
[debug] [2021-10-10T11:26:40.490Z] Node Version:  v14.15.1
[debug] [2021-10-10T11:26:40.491Z] Time:          Sun Oct 10 2021 16:26:40 GMT+0500 (Pakistan Standard Time)
[debug] [2021-10-10T11:26:40.491Z] ----------------------------------------------------------------------
[debug] 
[debug] [2021-10-10T11:26:40.565Z] > command requires scopes: ["email","openid","https://www.googleapis.com/auth/cloudplatformprojects.readonly","https://www.googleapis.com/auth/firebase","https://www.googleapis.com/auth/cloud-platform"]
[debug] [2021-10-10T11:26:40.565Z] > authorizing via signed-in user (hussnain.jav3d@gmail.com)
[info] 
     ######## #### ########  ######## ########     ###     ######  ########
     ##        ##  ##     ## ##       ##     ##  ##   ##  ##       ##
     ######    ##  ########  ######   ########  #########  ######  ######
     ##        ##  ##    ##  ##       ##     ## ##     ##       ## ##
     ##       #### ##     ## ######## ########  ##     ##  ######  ########

You're about to initialize a Firebase project in this directory:

  C:\Users\hussn\OneDrive\Desktop\react\projects\cleverprogrammer\netflix

Before we get started, keep in mind:

  * You are initializing within an existing Firebase project directory

